<?xml version="1.0" encoding="utf-8"?><testsuites><testsuite errors="0" failures="0" hostname="lenovow520" name="pytest" skipped="0" tests="5" time="0.032" timestamp="2020-04-13T23:11:57.505531"><testcase classname="test.test_configuration_of_optimiser.MyTestCase" name="test_bad_configuration_file" time="0.002"></testcase><testcase classname="test.test_configuration_of_optimiser.MyTestCase" name="test_bad_configuration_file_by_using_OptimiserConfigurator" time="0.001"></testcase><testcase classname="test.test_configuration_of_optimiser.MyTestCase" name="test_good_configuration_file" time="0.001"></testcase><testcase classname="test.test_configuration_of_optimiser.MyTestCase" name="test_good_configuration_file_by_using_OptimiserConfigurator" time="0.001"></testcase><testcase classname="test.test_configuration_of_optimiser.MyTestCase" name="test_starting_point_is_within_range" time="0.001"></testcase></testsuite></testsuites>